--------------- Build Started: 02/07/2018 09:58:00 Project: Environmental_Sensor, Configuration: ARM GCC 5.4-2016-q2-update Debug ---------------
The code generation step is up to date.
arm-none-eabi-gcc.exe -mcpu=cortex-m0 -mthumb -I. -IGenerated_Source\PSoC4 -Wa,-alh=.\CortexM0\ARM_GCC_541\Debug/app_sensors.lst -g -D DEBUG -Wall -ffunction-sections -ffat-lto-objects -O0 -c app_sensors.c -o .\CortexM0\ARM_GCC_541\Debug\app_sensors.o
app_sensors.c: In function 'sendSensorNotification':
app_sensors.c:50:21: warning: format '%u' expects argument of type 'unsigned int', but argument 3 has type 'int32_t {aka long int}' [-Wformat=]
     sprintf(buffer, "temp: %u\n", bme280_data.temperature);
                     ^
app_sensors.c:50:21: warning: format '%u' expects argument of type 'unsigned int', but argument 3 has type 'int32_t {aka long int}' [-Wformat=]
app_sensors.c:69:21: warning: format '%u' expects argument of type 'unsigned int', but argument 3 has type 'uint32_t {aka long unsigned int}' [-Wformat=]
     sprintf(buffer, "pres %u\n", bme280_data.pressure);
                     ^
app_sensors.c:69:21: warning: format '%u' expects argument of type 'unsigned int', but argument 3 has type 'uint32_t {aka long unsigned int}' [-Wformat=]
app_sensors.c:88:21: warning: format '%u' expects argument of type 'unsigned int', but argument 3 has type 'uint32_t {aka long unsigned int}' [-Wformat=]
     sprintf(buffer, "hum %u\n", bme280_data.humidity);
                     ^
app_sensors.c:88:21: warning: format '%u' expects argument of type 'unsigned int', but argument 3 has type 'uint32_t {aka long unsigned int}' [-Wformat=]
In file included from main.h:28:0,
                 from app_sensors.h:25,
                 from app_sensors.c:23:
app_sensors.c: At top level:
low_power.h:28:20: warning: inline function 'handleLowPowerMode' declared but never defined
 extern inline void handleLowPowerMode(void);  
                    ^
arm-none-eabi-gcc.exe -mcpu=cortex-m0 -mthumb -I. -IGenerated_Source\PSoC4 -Wa,-alh=.\CortexM0\ARM_GCC_541\Debug/ccs811.lst -g -D DEBUG -Wall -ffunction-sections -ffat-lto-objects -O0 -c ccs811.c -o .\CortexM0\ARM_GCC_541\Debug\ccs811.o
ccs811.c: In function 'ccs811_get_sensor_data':
ccs811.c:65:8: warning: unused variable 'buffer' [-Wunused-variable]
   char buffer[20];
        ^
arm-none-eabi-ar.exe -rs .\CortexM0\ARM_GCC_541\Debug\Environmental_Sensor.a .\CortexM0\ARM_GCC_541\Debug\I2C.o .\CortexM0\ARM_GCC_541\Debug\I2C_I2C_INT.o .\CortexM0\ARM_GCC_541\Debug\I2C_I2C.o .\CortexM0\ARM_GCC_541\Debug\I2C_I2C_BOOT.o .\CortexM0\ARM_GCC_541\Debug\I2C_I2C_MASTER.o .\CortexM0\ARM_GCC_541\Debug\I2C_PM.o .\CortexM0\ARM_GCC_541\Debug\I2C_BOOT.o .\CortexM0\ARM_GCC_541\Debug\BLE.o .\CortexM0\ARM_GCC_541\Debug\BLE_gatt.o .\CortexM0\ARM_GCC_541\Debug\BLE_eventHandler.o .\CortexM0\ARM_GCC_541\Debug\BLE_HAL_INT.o .\CortexM0\ARM_GCC_541\Debug\BLE_HAL_PVT.o .\CortexM0\ARM_GCC_541\Debug\BLE_custom.o .\CortexM0\ARM_GCC_541\Debug\DISCON_LED.o .\CortexM0\ARM_GCC_541\Debug\DISCON_LED_PM.o .\CortexM0\ARM_GCC_541\Debug\CONNECT_LED.o .\CortexM0\ARM_GCC_541\Debug\CONNECT_LED_PM.o .\CortexM0\ARM_GCC_541\Debug\ADV_LED.o .\CortexM0\ARM_GCC_541\Debug\ADV_LED_PM.o .\CortexM0\ARM_GCC_541\Debug\UART.o .\CortexM0\ARM_GCC_541\Debug\UART_SPI_UART.o .\CortexM0\ARM_GCC_541\Debug\UART_SPI_UART_INT.o .\CortexM0\ARM_GCC_541\Debug\UART_PM.o .\CortexM0\ARM_GCC_541\Debug\UART_UART.o .\CortexM0\ARM_GCC_541\Debug\UART_BOOT.o .\CortexM0\ARM_GCC_541\Debug\UART_UART_BOOT.o .\CortexM0\ARM_GCC_541\Debug\I2C_SCBCLK.o .\CortexM0\ARM_GCC_541\Debug\I2C_sda.o .\CortexM0\ARM_GCC_541\Debug\I2C_sda_PM.o .\CortexM0\ARM_GCC_541\Debug\I2C_scl.o .\CortexM0\ARM_GCC_541\Debug\I2C_scl_PM.o .\CortexM0\ARM_GCC_541\Debug\I2C_SCB_IRQ.o .\CortexM0\ARM_GCC_541\Debug\BLE_bless_isr.o .\CortexM0\ARM_GCC_541\Debug\UART_SCBCLK.o .\CortexM0\ARM_GCC_541\Debug\UART_tx.o .\CortexM0\ARM_GCC_541\Debug\UART_tx_PM.o .\CortexM0\ARM_GCC_541\Debug\UART_rx.o .\CortexM0\ARM_GCC_541\Debug\UART_rx_PM.o .\CortexM0\ARM_GCC_541\Debug\CyFlash.o .\CortexM0\ARM_GCC_541\Debug\CyLib.o .\CortexM0\ARM_GCC_541\Debug\cyPm.o .\CortexM0\ARM_GCC_541\Debug\cyutils.o .\CortexM0\ARM_GCC_541\Debug\CyLFClk.o .\CortexM0\ARM_GCC_541\Debug\cy_em_eeprom.o .\CortexM0\ARM_GCC_541\Debug\UART_SCB_IRQ.o .\CortexM0\ARM_GCC_541\Debug\CyBootAsmGnu.o
arm-none-eabi-ar.exe: creating .\CortexM0\ARM_GCC_541\Debug\Environmental_Sensor.a
arm-none-eabi-gcc.exe -Wl,--start-group -o C:\Dropbox\Projects\Pioneer_IoT_Kit_Shield\Firmware\BLE_Sensor_Scanner\Environmental_Sensor.cydsn\CortexM0\ARM_GCC_541\Debug\Environmental_Sensor.elf .\CortexM0\ARM_GCC_541\Debug\main.o .\CortexM0\ARM_GCC_541\Debug\app_sensors.o .\CortexM0\ARM_GCC_541\Debug\app_Ble.o .\CortexM0\ARM_GCC_541\Debug\low_power.o .\CortexM0\ARM_GCC_541\Debug\bme280.o .\CortexM0\ARM_GCC_541\Debug\ccs811.o .\CortexM0\ARM_GCC_541\Debug\sensors_config.o .\CortexM0\ARM_GCC_541\Debug\i2c_support.o .\CortexM0\ARM_GCC_541\Debug\cyfitter_cfg.o .\CortexM0\ARM_GCC_541\Debug\cymetadata.o .\CortexM0\ARM_GCC_541\Debug\Cm0Start.o .\CortexM0\ARM_GCC_541\Debug\Environmental_Sensor.a "C:\Program Files (x86)\Cypress\PSoC Creator\4.2\PSoC Creator\psoc\content\CyComponentLibrary\CyComponentLibrary.cylib\BLE_v3_40\Library\gccCyBLEStack_BLE_SOC_PERIPHERAL.a" -mcpu=cortex-m0 -mthumb -L Generated_Source\PSoC4 -Wl,-Map,.\CortexM0\ARM_GCC_541\Debug/Environmental_Sensor.map -T Generated_Source\PSoC4\cm0gcc.ld -specs=nano.specs -u _printf_float -Wl,--gc-sections -g -ffunction-sections -O0 -ffat-lto-objects -Wl,--end-group
cyelftool.exe -C C:\Dropbox\Projects\Pioneer_IoT_Kit_Shield\Firmware\BLE_Sensor_Scanner\Environmental_Sensor.cydsn\CortexM0\ARM_GCC_541\Debug\Environmental_Sensor.elf --flash_row_size 128 --flash_size 131072 --flash_offset 0x00000000
cyelftool.exe -S C:\Dropbox\Projects\Pioneer_IoT_Kit_Shield\Firmware\BLE_Sensor_Scanner\Environmental_Sensor.cydsn\CortexM0\ARM_GCC_541\Debug\Environmental_Sensor.elf
Flash used: 113351 of 131072 bytes (86.5%).
SRAM used: 12376 of 16384 bytes (75.5%). Stack: 2048 bytes. Heap: 1024 bytes.
--------------- Build Succeeded: 02/07/2018 09:58:02 ---------------
