--------------- Build Started: 12/11/2017 14:30:17 Project: BLE_To_RPi, Configuration: ARM GCC 5.4-2016-q2-update Debug ---------------
cydsfit.exe -.appdatapath "C:\Users\mike.hord\AppData\Local\Cypress Semiconductor\PSoC Creator\4.2" -.fdsnotice -.fdswarpdepfile=warp_dependencies.txt -.fdselabdepfile=elab_dependencies.txt -.fdsbldfile=generated_files.txt -.fdsreffile=referenced_files.txt -p C:\Dropbox\Projects\Pioneer_Kit_Shield\Firmware\BLE_To_RPi\BLE_To_RPi.cydsn\BLE_To_RPi.cyprj -d CY8C6347BZI-BLD53 -s C:\Dropbox\Projects\Pioneer_Kit_Shield\Firmware\BLE_To_RPi\BLE_To_RPi.cydsn\Generated_Source\PSoC6 -- -yv2 -q10 -ygs -o2 -v3 -.fftcfgtype=LE
Elaborating Design...
HDL Generation...
Synthesis...
Tech Mapping...
ADD: pft.M0040: information: The following 2 pin(s) will be assigned a location by the fitter: \UART:rx(0)\, \UART:tx(0)\
Info: plm.M0038: The pin named CY_SRSS_WCO_IN(0) at location P0[0] prevents usage of special purposes: TCPWM[0].line. (App=cydsfit)
Info: plm.M0038: The pin named CY_SRSS_WCO_IN(0) at location P0[0] prevents usage of special purposes: TCPWM[8].line. (App=cydsfit)
Info: plm.M0038: The pin named CY_SRSS_WCO_IN(0) at location P0[0] prevents usage of special purposes: CSD[0].csd_tx. (App=cydsfit)
Info: plm.M0038: The pin named CY_SRSS_WCO_IN(0) at location P0[0] prevents usage of special purposes: CSD[0].csd_tx_n. (App=cydsfit)
Info: plm.M0038: The pin named CY_SRSS_WCO_IN(0) at location P0[0] prevents usage of special purposes: SCB[0].spi_select[1]. (App=cydsfit)
Info: plm.M0038: The pin named CY_SRSS_WCO_OUT(0) at location P0[1] prevents usage of special purposes: TCPWM[0].line_compl. (App=cydsfit)
Info: plm.M0038: The pin named CY_SRSS_WCO_OUT(0) at location P0[1] prevents usage of special purposes: TCPWM[8].line_compl. (App=cydsfit)
Info: plm.M0038: The pin named CY_SRSS_WCO_OUT(0) at location P0[1] prevents usage of special purposes: CSD[0].csd_tx. (App=cydsfit)
Info: plm.M0038: The pin named CY_SRSS_WCO_OUT(0) at location P0[1] prevents usage of special purposes: CSD[0].csd_tx_n. (App=cydsfit)
Info: plm.M0038: The pin named CY_SRSS_WCO_OUT(0) at location P0[1] prevents usage of special purposes: SCB[0].spi_select[2]. (App=cydsfit)
Info: plm.M0038: The pin named CY_SRSS_WCO_OUT(0) at location P0[1] prevents usage of special purposes: CPUSS[0].swj_trstn. (App=cydsfit)
Info: plm.M0038: The pin named CY_CPUSS_SWJ_SWCLK_TCLK(0) at location P6[7] prevents usage of special purposes: TCPWM[3].line_compl. (App=cydsfit)
Info: plm.M0038: The pin named CY_CPUSS_SWJ_SWCLK_TCLK(0) at location P6[7] prevents usage of special purposes: TCPWM[19].line_compl. (App=cydsfit)
Info: plm.M0038: The pin named CY_CPUSS_SWJ_SWCLK_TCLK(0) at location P6[7] prevents usage of special purposes: CSD[0].csd_tx. (App=cydsfit)
Info: plm.M0038: The pin named CY_CPUSS_SWJ_SWCLK_TCLK(0) at location P6[7] prevents usage of special purposes: CSD[0].csd_tx_n. (App=cydsfit)
Info: plm.M0038: The pin named CY_CPUSS_SWJ_SWCLK_TCLK(0) at location P6[7] prevents usage of special purposes: SCB[6].uart_cts. (App=cydsfit)
Info: plm.M0038: The pin named CY_CPUSS_SWJ_SWCLK_TCLK(0) at location P6[7] prevents usage of special purposes: SCB[6].spi_select[0]. (App=cydsfit)
Info: plm.M0038: The pin named CY_CPUSS_SWJ_SWCLK_TCLK(0) at location P6[7] prevents usage of special purposes: SCB[8].spi_select[0]. (App=cydsfit)
Info: plm.M0038: The pin named CY_CPUSS_SWJ_SWCLK_TCLK(0) at location P6[7] prevents usage of special purposes: SRSS[0].swd_clk. (App=cydsfit)
Info: plm.M0038: The pin named CY_CPUSS_SWJ_SWDIO_TMS(0) at location P6[6] prevents usage of special purposes: TCPWM[3].line. (App=cydsfit)
Info: plm.M0038: The pin named CY_CPUSS_SWJ_SWDIO_TMS(0) at location P6[6] prevents usage of special purposes: TCPWM[19].line. (App=cydsfit)
Info: plm.M0038: The pin named CY_CPUSS_SWJ_SWDIO_TMS(0) at location P6[6] prevents usage of special purposes: CSD[0].csd_tx. (App=cydsfit)
Info: plm.M0038: The pin named CY_CPUSS_SWJ_SWDIO_TMS(0) at location P6[6] prevents usage of special purposes: CSD[0].csd_tx_n. (App=cydsfit)
Info: plm.M0038: The pin named CY_CPUSS_SWJ_SWDIO_TMS(0) at location P6[6] prevents usage of special purposes: SCB[6].uart_rts. (App=cydsfit)
Info: plm.M0038: The pin named CY_CPUSS_SWJ_SWDIO_TMS(0) at location P6[6] prevents usage of special purposes: SCB[6].spi_clk. (App=cydsfit)
Info: plm.M0038: The pin named CY_CPUSS_SWJ_SWDIO_TMS(0) at location P6[6] prevents usage of special purposes: SCB[8].spi_clk. (App=cydsfit)
Info: plm.M0038: The pin named CY_CPUSS_SWJ_SWDIO_TMS(0) at location P6[6] prevents usage of special purposes: SRSS[0].swd_data. (App=cydsfit)
Analog Placement...
Analog Routing...
Analog Code Generation...
Digital Placement...
Digital Routing...
Bitstream Generation...
Bitstream Verification...
Static timing analysis...
API Generation...
Dependency Generation...
Cleanup...
--------------- Build Succeeded: 12/11/2017 14:30:26 ---------------
