--------------- Build Started: 11/30/2017 09:34:10 Project: Environmental_Sensor, Configuration: ARM GCC 5.4-2016-q2-update Debug ---------------
The code generation step is up to date.
arm-none-eabi-gcc.exe -mcpu=cortex-m0 -mthumb -I. -IGenerated_Source\PSoC4 -Wa,-alh=.\CortexM0\ARM_GCC_541\Debug/bme280.lst -g -D DEBUG -Wall -ffunction-sections -ffat-lto-objects -O0 -c bme280.c -o .\CortexM0\ARM_GCC_541\Debug\bme280.o
bme280.c: In function 'bme280Init':
bme280.c:53:9: warning: unused variable 'tempBuff' [-Wunused-variable]
   uint8 tempBuff[2];
         ^
In file included from main.h:9:0,
                 from app_I2C.h:4,
                 from bme280.c:3:
bme280.c: At top level:
low_power.h:21:20: warning: inline function 'handleLowPowerMode' declared but never defined
 extern inline void handleLowPowerMode(void);  
                    ^
arm-none-eabi-ar.exe -rs .\CortexM0\ARM_GCC_541\Debug\Environmental_Sensor.a .\CortexM0\ARM_GCC_541\Debug\I2C.o .\CortexM0\ARM_GCC_541\Debug\I2C_I2C_INT.o .\CortexM0\ARM_GCC_541\Debug\I2C_I2C.o .\CortexM0\ARM_GCC_541\Debug\I2C_I2C_BOOT.o .\CortexM0\ARM_GCC_541\Debug\I2C_PM.o .\CortexM0\ARM_GCC_541\Debug\I2C_BOOT.o .\CortexM0\ARM_GCC_541\Debug\I2C_I2C_MASTER.o .\CortexM0\ARM_GCC_541\Debug\BLE.o .\CortexM0\ARM_GCC_541\Debug\BLE_gatt.o .\CortexM0\ARM_GCC_541\Debug\BLE_eventHandler.o .\CortexM0\ARM_GCC_541\Debug\BLE_HAL_INT.o .\CortexM0\ARM_GCC_541\Debug\BLE_HAL_PVT.o .\CortexM0\ARM_GCC_541\Debug\BLE_custom.o .\CortexM0\ARM_GCC_541\Debug\DISCON_LED.o .\CortexM0\ARM_GCC_541\Debug\DISCON_LED_PM.o .\CortexM0\ARM_GCC_541\Debug\CONNECT_LED.o .\CortexM0\ARM_GCC_541\Debug\CONNECT_LED_PM.o .\CortexM0\ARM_GCC_541\Debug\ADV_LED.o .\CortexM0\ARM_GCC_541\Debug\ADV_LED_PM.o .\CortexM0\ARM_GCC_541\Debug\I2C_SCBCLK.o .\CortexM0\ARM_GCC_541\Debug\I2C_sda.o .\CortexM0\ARM_GCC_541\Debug\I2C_sda_PM.o .\CortexM0\ARM_GCC_541\Debug\I2C_scl.o .\CortexM0\ARM_GCC_541\Debug\I2C_scl_PM.o .\CortexM0\ARM_GCC_541\Debug\I2C_SCB_IRQ.o .\CortexM0\ARM_GCC_541\Debug\BLE_bless_isr.o .\CortexM0\ARM_GCC_541\Debug\CyFlash.o .\CortexM0\ARM_GCC_541\Debug\CyLib.o .\CortexM0\ARM_GCC_541\Debug\cyPm.o .\CortexM0\ARM_GCC_541\Debug\cyutils.o .\CortexM0\ARM_GCC_541\Debug\CyLFClk.o .\CortexM0\ARM_GCC_541\Debug\UART.o .\CortexM0\ARM_GCC_541\Debug\UART_SPI_UART.o .\CortexM0\ARM_GCC_541\Debug\UART_SPI_UART_INT.o .\CortexM0\ARM_GCC_541\Debug\UART_PM.o .\CortexM0\ARM_GCC_541\Debug\UART_UART.o .\CortexM0\ARM_GCC_541\Debug\UART_BOOT.o .\CortexM0\ARM_GCC_541\Debug\UART_UART_BOOT.o .\CortexM0\ARM_GCC_541\Debug\UART_SCBCLK.o .\CortexM0\ARM_GCC_541\Debug\UART_tx.o .\CortexM0\ARM_GCC_541\Debug\UART_tx_PM.o .\CortexM0\ARM_GCC_541\Debug\UART_rx.o .\CortexM0\ARM_GCC_541\Debug\UART_rx_PM.o .\CortexM0\ARM_GCC_541\Debug\CyBootAsmGnu.o
arm-none-eabi-ar.exe: creating .\CortexM0\ARM_GCC_541\Debug\Environmental_Sensor.a
arm-none-eabi-gcc.exe -Wl,--start-group -o C:\Dropbox\Projects\Pioneer_Kit_Shield\Firmware\Environmental_Sensor\Environmental_Sensor.cydsn\CortexM0\ARM_GCC_541\Debug\Environmental_Sensor.elf .\CortexM0\ARM_GCC_541\Debug\main.o .\CortexM0\ARM_GCC_541\Debug\app_I2C.o .\CortexM0\ARM_GCC_541\Debug\app_Ble.o .\CortexM0\ARM_GCC_541\Debug\low_power.o .\CortexM0\ARM_GCC_541\Debug\bme280.o .\CortexM0\ARM_GCC_541\Debug\cyfitter_cfg.o .\CortexM0\ARM_GCC_541\Debug\cymetadata.o .\CortexM0\ARM_GCC_541\Debug\Cm0Start.o .\CortexM0\ARM_GCC_541\Debug\Environmental_Sensor.a "C:\Users\mike.hord\Documents\PSoC Creator\4.1\Downloads ( 4.1).cylib\BLE_v3_40\Library\gccCyBLEStack_BLE_SOC_PERIPHERAL.a" "C:\Program Files (x86)\Cypress\PSoC Creator\4.1\PSoC Creator\psoc\content\cycomponentlibrary\CyComponentLibrary.cylib\CortexM0\ARM_GCC_541\Debug\CyComponentLibrary.a" -mcpu=cortex-m0 -mthumb -L Generated_Source\PSoC4 -Wl,-Map,.\CortexM0\ARM_GCC_541\Debug/Environmental_Sensor.map -T Generated_Source\PSoC4\cm0gcc.ld -specs=nano.specs -Wl,--gc-sections -g -ffunction-sections -O0 -ffat-lto-objects -Wl,--end-group
cyelftool.exe -C C:\Dropbox\Projects\Pioneer_Kit_Shield\Firmware\Environmental_Sensor\Environmental_Sensor.cydsn\CortexM0\ARM_GCC_541\Debug\Environmental_Sensor.elf --flash_row_size 128 --flash_size 131072 --flash_offset 0x00000000
cyelftool.exe -S C:\Dropbox\Projects\Pioneer_Kit_Shield\Firmware\Environmental_Sensor\Environmental_Sensor.cydsn\CortexM0\ARM_GCC_541\Debug\Environmental_Sensor.elf
Flash used: 91289 of 131072 bytes (69.6 %).
SRAM used: 11184 of 16384 bytes (68.3 %). Stack: 2048 bytes. Heap: 128 bytes.
--------------- Build Succeeded: 11/30/2017 09:34:11 ---------------
