--------------- Build Started: 02/07/2018 13:44:18 Project: BLE_Central_EnvSensors1, Configuration: ARM GCC 5.4-2016-q2-update Debug ---------------
The code generation step is up to date.
The compile step is up to date, no work needs to be done.
The link step is up to date, no work needs to be done.
arm-none-eabi-gcc.exe -mcpu=cortex-m4 -mfloat-abi=softfp -mfpu=fpv4-sp-d16 -mthumb -I. -IGenerated_Source\PSoC6 -IGenerated_Source\PSoC6\pdl\cmsis/include/ -IGenerated_Source\PSoC6\pdl\devices/psoc6/ip/ -IGenerated_Source\PSoC6\pdl\devices/psoc6/psoc63/include/ -IGenerated_Source\PSoC6\pdl\drivers/peripheral/ -IGenerated_Source\PSoC6\pdl\middleware/ -Wa,-alh=.\CortexM4\ARM_GCC_541\Debug/host_main.lst -g -D DEBUG -D CY_CORE_ID=0 -D CY_PSOC_CREATOR_USED=1 -D CY8C6347BZI_BLD43 -Wall -ffunction-sections -ffat-lto-objects -Og -c host_main.c -o .\CortexM4\ARM_GCC_541\Debug\host_main.o
In file included from host_main.c:45:0:
host_main.c: In function 'DisplayData2':
host_main.c:925:24: warning: format '%i' expects argument of type 'int', but argument 2 has type 'int32_t {aka long int}' [-Wformat=]
             DBG_PRINTF(" -- Temp =%i\n\r", sensorData->temperature);
                        ^
common.h:104:53: note: in definition of macro 'DBG_PRINTF'
     #define DBG_PRINTF(...)                 (printf(__VA_ARGS__))
                                                     ^
host_main.c:925:24: warning: format '%i' expects argument of type 'int', but argument 2 has type 'int32_t {aka long int}' [-Wformat=]
             DBG_PRINTF(" -- Temp =%i\n\r", sensorData->temperature);
                        ^
common.h:104:53: note: in definition of macro 'DBG_PRINTF'
     #define DBG_PRINTF(...)                 (printf(__VA_ARGS__))
                                                     ^
host_main.c:926:24: warning: format '%u' expects argument of type 'unsigned int', but argument 2 has type 'uint32_t {aka long unsigned int}' [-Wformat=]
             DBG_PRINTF(" -- Pres =%u\n\r", sensorData->pressure);
                        ^
common.h:104:53: note: in definition of macro 'DBG_PRINTF'
     #define DBG_PRINTF(...)                 (printf(__VA_ARGS__))
                                                     ^
host_main.c:926:24: warning: format '%u' expects argument of type 'unsigned int', but argument 2 has type 'uint32_t {aka long unsigned int}' [-Wformat=]
             DBG_PRINTF(" -- Pres =%u\n\r", sensorData->pressure);
                        ^
common.h:104:53: note: in definition of macro 'DBG_PRINTF'
     #define DBG_PRINTF(...)                 (printf(__VA_ARGS__))
                                                     ^
host_main.c:927:24: warning: format '%u' expects argument of type 'unsigned int', but argument 2 has type 'uint32_t {aka long unsigned int}' [-Wformat=]
             DBG_PRINTF(" -- Humid=%u\n\r", sensorData->humidity);
                        ^
common.h:104:53: note: in definition of macro 'DBG_PRINTF'
     #define DBG_PRINTF(...)                 (printf(__VA_ARGS__))
                                                     ^
host_main.c:927:24: warning: format '%u' expects argument of type 'unsigned int', but argument 2 has type 'uint32_t {aka long unsigned int}' [-Wformat=]
             DBG_PRINTF(" -- Humid=%u\n\r", sensorData->humidity);
                        ^
common.h:104:53: note: in definition of macro 'DBG_PRINTF'
     #define DBG_PRINTF(...)                 (printf(__VA_ARGS__))
                                                     ^
host_main.c:930:24: warning: format '%d' expects argument of type 'int', but argument 2 has type 'uint32_t {aka volatile long unsigned int}' [-Wformat=]
             DBG_PRINTF(" -- Time =%d\n\r", mainTimer);
                        ^
common.h:104:53: note: in definition of macro 'DBG_PRINTF'
     #define DBG_PRINTF(...)                 (printf(__VA_ARGS__))
                                                     ^
host_main.c:930:24: warning: format '%d' expects argument of type 'int', but argument 2 has type 'uint32_t {aka volatile long unsigned int}' [-Wformat=]
             DBG_PRINTF(" -- Time =%d\n\r", mainTimer);
                        ^
common.h:104:53: note: in definition of macro 'DBG_PRINTF'
     #define DBG_PRINTF(...)                 (printf(__VA_ARGS__))
                                                     ^
host_main.c:936:31: warning: format '%i' expects argument of type 'int', but argument 3 has type 'int32_t {aka long int}' [-Wformat=]
               sprintf(buffer, "GET /update?key=PV0CR56NREAMXGQ3&field1=%i&field2=%u&field3=%u&field4=%d&field5=%d HTTP/1.1\r\n",
                               ^
host_main.c:936:31: warning: format '%u' expects argument of type 'unsigned int', but argument 4 has type 'uint32_t {aka long unsigned int}' [-Wformat=]
host_main.c:936:31: warning: format '%u' expects argument of type 'unsigned int', but argument 5 has type 'uint32_t {aka long unsigned int}' [-Wformat=]
host_main.c:936:31: warning: format '%i' expects argument of type 'int', but argument 3 has type 'int32_t {aka long int}' [-Wformat=]
host_main.c:936:31: warning: format '%u' expects argument of type 'unsigned int', but argument 4 has type 'uint32_t {aka long unsigned int}' [-Wformat=]
host_main.c:936:31: warning: format '%u' expects argument of type 'unsigned int', but argument 5 has type 'uint32_t {aka long unsigned int}' [-Wformat=]
host_main.c: At top level:
host_main.c:65:13: warning: 'DisplayData' declared 'static' but never defined [-Wunused-function]
 static void DisplayData(app_stc_sensor_data_t * sensorData);
             ^
arm-none-eabi-gcc.exe -Wl,--start-group -o C:\Dropbox\Projects\Pioneer_IoT_Kit_Shield\Firmware\BLE_Sensor_Scanner\BLE_Central_EnvSensors1.cydsn\CortexM4\ARM_GCC_541\Debug\BLE_Central_EnvSensors1_link.elf Generated_Source\PSoC6\pdl\middleware\ble\lib\cy_ble_stack_gcc_host_ipc_cm4.a .\CortexM4\ARM_GCC_541\Debug\startup_psoc63_cm4.o .\CortexM4\ARM_GCC_541\Debug\main_cm4.o .\CortexM4\ARM_GCC_541\Debug\system_psoc63_cm4.o .\CortexM4\ARM_GCC_541\Debug\cy_ipc_config.o .\CortexM4\ARM_GCC_541\Debug\debug.o .\CortexM4\ARM_GCC_541\Debug\host_main.o .\CortexM4\ARM_GCC_541\Debug\user_interface.o .\CortexM4\ARM_GCC_541\Debug\wifi.o .\CortexM4\ARM_GCC_541\Debug\cyfitter_sysint_cfg.o .\CortexM4\ARM_GCC_541\Debug\cymetadata.o .\CortexM4\ARM_GCC_541\Debug\BLE.o .\CortexM4\ARM_GCC_541\Debug\BLE_config.o .\CortexM4\ARM_GCC_541\Debug\BLE_dis_config.o .\CortexM4\ARM_GCC_541\Debug\BLE_custom_config.o .\CortexM4\ARM_GCC_541\Debug\UART_DEB.o .\CortexM4\ARM_GCC_541\Debug\MCWDT_PDL.o .\CortexM4\ARM_GCC_541\Debug\cy_sysint.o .\CortexM4\ARM_GCC_541\Debug\cy_ipc_drv.o .\CortexM4\ARM_GCC_541\Debug\cy_ipc_sema.o .\CortexM4\ARM_GCC_541\Debug\cy_ipc_pipe.o .\CortexM4\ARM_GCC_541\Debug\cy_sysclk.o .\CortexM4\ARM_GCC_541\Debug\cy_wdt.o .\CortexM4\ARM_GCC_541\Debug\cy_mcwdt.o .\CortexM4\ARM_GCC_541\Debug\cy_scb_common.o .\CortexM4\ARM_GCC_541\Debug\cy_scb_i2c.o .\CortexM4\ARM_GCC_541\Debug\cy_scb_ezi2c.o .\CortexM4\ARM_GCC_541\Debug\cy_scb_spi.o .\CortexM4\ARM_GCC_541\Debug\cy_scb_uart.o .\CortexM4\ARM_GCC_541\Debug\cy_efuse.o .\CortexM4\ARM_GCC_541\Debug\cy_flash.o .\CortexM4\ARM_GCC_541\Debug\cy_gpio.o .\CortexM4\ARM_GCC_541\Debug\cy_sysanalog.o .\CortexM4\ARM_GCC_541\Debug\cy_syspm.o .\CortexM4\ARM_GCC_541\Debug\cy_syslib.o .\CortexM4\ARM_GCC_541\Debug\cy_syslib_gcc.o .\CortexM4\ARM_GCC_541\Debug\cy_trigmux.o .\CortexM4\ARM_GCC_541\Debug\cy_systick.o .\CortexM4\ARM_GCC_541\Debug\cy_profile.o .\CortexM4\ARM_GCC_541\Debug\cy_prot.o .\CortexM4\ARM_GCC_541\Debug\cy_lvd.o .\CortexM4\ARM_GCC_541\Debug\cy_ble_clk.o .\CortexM4\ARM_GCC_541\Debug\cy_ble_ancs.o .\CortexM4\ARM_GCC_541\Debug\cy_ble_ans.o .\CortexM4\ARM_GCC_541\Debug\cy_ble_aios.o .\CortexM4\ARM_GCC_541\Debug\cy_ble_bas.o .\CortexM4\ARM_GCC_541\Debug\cy_ble_bcs.o .\CortexM4\ARM_GCC_541\Debug\cy_ble_bls.o .\CortexM4\ARM_GCC_541\Debug\cy_ble_bms.o .\CortexM4\ARM_GCC_541\Debug\cy_ble_bts.o .\CortexM4\ARM_GCC_541\Debug\cy_ble_cgms.o .\CortexM4\ARM_GCC_541\Debug\cy_ble_cps.o .\CortexM4\ARM_GCC_541\Debug\cy_ble_cscs.o .\CortexM4\ARM_GCC_541\Debug\cy_ble_cts.o .\CortexM4\ARM_GCC_541\Debug\cy_ble_custom.o .\CortexM4\ARM_GCC_541\Debug\cy_ble_dis.o .\CortexM4\ARM_GCC_541\Debug\cy_ble_ess.o .\CortexM4\ARM_GCC_541\Debug\cy_ble_event_handler.o .\CortexM4\ARM_GCC_541\Debug\cy_ble_gap.o .\CortexM4\ARM_GCC_541\Debug\cy_ble_gatt.o .\CortexM4\ARM_GCC_541\Debug\cy_ble_gls.o .\CortexM4\ARM_GCC_541\Debug\cy_ble_hal_int.o .\CortexM4\ARM_GCC_541\Debug\cy_ble_hal_pvt.o .\CortexM4\ARM_GCC_541\Debug\cy_ble_hids.o .\CortexM4\ARM_GCC_541\Debug\cy_ble_hps.o .\CortexM4\ARM_GCC_541\Debug\cy_ble_hrs.o .\CortexM4\ARM_GCC_541\Debug\cy_ble_hts.o .\CortexM4\ARM_GCC_541\Debug\cy_ble_ias.o .\CortexM4\ARM_GCC_541\Debug\cy_ble_ips.o .\CortexM4\ARM_GCC_541\Debug\cy_ble_lls.o .\CortexM4\ARM_GCC_541\Debug\cy_ble_lns.o .\CortexM4\ARM_GCC_541\Debug\cy_ble_ndcs.o .\CortexM4\ARM_GCC_541\Debug\cy_ble_plxs.o .\CortexM4\ARM_GCC_541\Debug\cy_ble_pass.o .\CortexM4\ARM_GCC_541\Debug\cy_ble_rscs.o .\CortexM4\ARM_GCC_541\Debug\cy_ble_rtus.o .\CortexM4\ARM_GCC_541\Debug\cy_ble_scps.o .\CortexM4\ARM_GCC_541\Debug\cy_ble_tps.o .\CortexM4\ARM_GCC_541\Debug\cy_ble_uds.o .\CortexM4\ARM_GCC_541\Debug\cy_ble_wpts.o .\CortexM4\ARM_GCC_541\Debug\cy_ble_wss.o .\CortexM4\ARM_GCC_541\Debug\cy_ble.o .\CortexM4\ARM_GCC_541\Debug\XBEE_UART.o -mcpu=cortex-m4 -mfloat-abi=softfp -mfpu=fpv4-sp-d16 -mthumb -L Generated_Source\PSoC6 -Wl,-Map,.\CortexM4\ARM_GCC_541\Debug/BLE_Central_EnvSensors1.map -T cy8c6xx7_cm4_dual.ld -specs=nano.specs -u _printf_float -Wl,--gc-sections -g -ffunction-sections -Og -ffat-lto-objects -Wl,--end-group
"C:\Program Files (x86)\Cypress\PDL\3.0.1\tools\win\elf\cymcuelftool.exe" --sign C:\Dropbox\Projects\Pioneer_IoT_Kit_Shield\Firmware\BLE_Sensor_Scanner\BLE_Central_EnvSensors1.cydsn\CortexM4\ARM_GCC_541\Debug\BLE_Central_EnvSensors1_link.elf --output C:\Dropbox\Projects\Pioneer_IoT_Kit_Shield\Firmware\BLE_Sensor_Scanner\BLE_Central_EnvSensors1.cydsn\CortexM4\ARM_GCC_541\Debug\BLE_Central_EnvSensors1_signed.elf --hex C:\Dropbox\Projects\Pioneer_IoT_Kit_Shield\Firmware\BLE_Sensor_Scanner\BLE_Central_EnvSensors1.cydsn\CortexM4\ARM_GCC_541\Debug\BLE_Central_EnvSensors1_signed.hex
No ELF section .cychecksum found, creating one
Application checksum calculated and stored in ELF section .cychecksum
Checksum calculated and stored in ELF section .cymeta
"C:\Program Files (x86)\Cypress\PDL\3.0.1\tools\win\elf\cymcuelftool.exe" --merge C:\Dropbox\Projects\Pioneer_IoT_Kit_Shield\Firmware\BLE_Sensor_Scanner\BLE_Central_EnvSensors1.cydsn\CortexM4\ARM_GCC_541\Debug\BLE_Central_EnvSensors1_signed.elf C:\Dropbox\Projects\Pioneer_IoT_Kit_Shield\Firmware\BLE_Sensor_Scanner\BLE_Central_EnvSensors1.cydsn\CortexM0p\ARM_GCC_541\Debug\BLE_Central_EnvSensors1.elf --output C:\Dropbox\Projects\Pioneer_IoT_Kit_Shield\Firmware\BLE_Sensor_Scanner\BLE_Central_EnvSensors1.cydsn\CortexM4\ARM_GCC_541\Debug\BLE_Central_EnvSensors1.elf --hex C:\Dropbox\Projects\Pioneer_IoT_Kit_Shield\Firmware\BLE_Sensor_Scanner\BLE_Central_EnvSensors1.cydsn\CortexM4\ARM_GCC_541\Debug\BLE_Central_EnvSensors1.hex
Application checksum calculated and stored in ELF section .cychecksum
Checksum calculated and stored in ELF section .cymeta
"C:\Program Files (x86)\Cypress\PDL\3.0.1\tools\win\elf\cymcuelftool.exe" -A C:\Dropbox\Projects\Pioneer_IoT_Kit_Shield\Firmware\BLE_Sensor_Scanner\BLE_Central_EnvSensors1.cydsn\CortexM4\ARM_GCC_541\Debug\BLE_Central_EnvSensors1.elf
code:219302	sram:20712
--------------- Build Succeeded: 02/07/2018 13:44:25 ---------------
